skse loader 01070000 01CFA29C93020026 6.1 (7601)
runtime root = D:\Games\The Elder Scrolls 5.Skyrim\
config path = D:\Games\The Elder Scrolls 5.Skyrim\Data\SKSE\skse.ini
procPath = D:\Games\The Elder Scrolls 5.Skyrim\\TESV.exe
launching: TESV.exe (D:\Games\The Elder Scrolls 5.Skyrim\\TESV.exe)
dwSignature = FEEF04BD
dwStrucVersion = 00010000
dwFileVersionMS = 00010009
dwFileVersionLS = 00200000
dwProductVersionMS = 00010009
dwProductVersionLS = 00200000
dwFileFlagsMask = 00000017
dwFileFlags = 00000000
dwFileOS = 00000004
dwFileType = 00000001
dwFileSubtype = 00000000
dwFileDateMS = 00000000
dwFileDateLS = 00000000
version = 0001000900200000
normal exe
hook call addr = 00F56831
load lib addr = 0106B0B4
dll = D:\Games\The Elder Scrolls 5.Skyrim\\skse_1_9_32.dll
main thread id = 2860
remote memory = 00160000
old winmain = 0069D1D0
launching
